[2022-11-12 13:09:54,975] multiqc                                            [DEBUG  ]  This is MultiQC v1.13
[2022-11-12 13:09:54,975] multiqc                                            [DEBUG  ]  Command used: /usr/local/bin/multiqc modulo6-results/desafio1-qc/NA12878-20k_R1_fastqc.html modulo6-results/desafio1-qc/NA12878-20k_R1_fastqc.zip modulo6-results/desafio1-qc/NA12878-20k_R2_fastqc.html modulo6-results/desafio1-qc/NA12878-20k_R2_fastqc.zip -o modulo6-results/desafio1-qc/
[2022-11-12 13:09:55,658] multiqc                                            [DEBUG  ]  Latest MultiQC version is v1.13
[2022-11-12 13:09:55,658] multiqc                                            [DEBUG  ]  Working dir : /content
[2022-11-12 13:09:55,658] multiqc                                            [DEBUG  ]  Template    : default
[2022-11-12 13:09:55,658] multiqc                                            [DEBUG  ]  Running Python 3.7.15 (default, Oct 12 2022, 19:14:55)  [GCC 7.5.0]
[2022-11-12 13:09:55,658] multiqc                                            [DEBUG  ]  Analysing modules: custom_content, ccs, ngsderive, purple, conpair, lima, peddy, somalier, methylQA, mosdepth, phantompeakqualtools, qualimap, preseq, quast, qorts, rna_seqc, rockhopper, rsem, rseqc, busco, bustools, goleft_indexcov, gffcompare, disambiguate, supernova, deeptools, sargasso, verifybamid, mirtrace, happy, mirtop, sambamba, homer, hops, macs2, theta2, snpeff, gatk, htseq, bcftools, featureCounts, fgbio, dragen, dedup, pbmarkdup, damageprofiler, biobambam2, jcvi, mtnucratio, picard, vep, sentieon, prokka, qc3C, nanostat, samblaster, samtools, sexdeterrmine, eigenstratdatabasetools, bamtools, jellyfish, vcftools, longranger, stacks, varscan2, snippy, bbmap, bismark, biscuit, hicexplorer, hicup, hicpro, salmon, kallisto, slamdunk, star, hisat2, tophat, bowtie2, bowtie1, snpsplit, odgi, pangolin, kat, leehom, adapterRemoval, clipandmerge, cutadapt, flexbar, kaiju, kraken, malt, trimmomatic, sickle, skewer, sortmerna, biobloomtools, fastq_screen, afterqc, fastp, fastqc, pychopper, pycoqc, minionqc, multivcfanalyzer, clusterflow, checkqc, bcl2fastq, bclconvert, interop, ivar, flash, seqyclean, optitype, whatshap
[2022-11-12 13:09:55,659] multiqc                                            [DEBUG  ]  Using temporary directory for creating report: /tmp/tmp8j11c6q1
[2022-11-12 13:09:55,791] multiqc                                            [INFO   ]  Search path : /content/modulo6-results/desafio1-qc/NA12878-20k_R1_fastqc.html
[2022-11-12 13:09:55,791] multiqc                                            [INFO   ]  Search path : /content/modulo6-results/desafio1-qc/NA12878-20k_R1_fastqc.zip
[2022-11-12 13:09:55,792] multiqc                                            [INFO   ]  Search path : /content/modulo6-results/desafio1-qc/NA12878-20k_R2_fastqc.html
[2022-11-12 13:09:55,792] multiqc                                            [INFO   ]  Search path : /content/modulo6-results/desafio1-qc/NA12878-20k_R2_fastqc.zip
[2022-11-12 13:09:56,006] multiqc                                            [DEBUG  ]  Summary of files that were skipped by the search: [skipped_module_specific_max_filesize: 22] // [skipped_no_match: 2]
[2022-11-12 13:09:56,340] multiqc.plots.bargraph                             [DEBUG  ]  Using matplotlib version 3.2.2
[2022-11-12 13:09:56,341] multiqc.plots.linegraph                            [DEBUG  ]  Using matplotlib version 3.2.2
[2022-11-12 13:09:56,342] multiqc                                            [DEBUG  ]  No samples found: custom_content
[2022-11-12 13:09:56,352] multiqc.modules.fastqc.fastqc                      [INFO   ]  Found 2 reports
[2022-11-12 13:09:56,410] multiqc                                            [INFO   ]  Compressing plot data
[2022-11-12 13:09:56,450] multiqc                                            [INFO   ]  Report      : modulo6-results/desafio1-qc/multiqc_report.html
[2022-11-12 13:09:56,450] multiqc                                            [INFO   ]  Data        : modulo6-results/desafio1-qc/multiqc_data
[2022-11-12 13:09:56,451] multiqc                                            [DEBUG  ]  Moving data file from '/tmp/tmp8j11c6q1/multiqc_data' to 'modulo6-results/desafio1-qc/multiqc_data'
[2022-11-12 13:09:56,564] multiqc                                            [INFO   ]  MultiQC complete
